<?xml version="1.0" encoding="UTF-8"?>
<coverage generated="1676988186183" clover="3.2.0">
  <project timestamp="1676988186183" name="All files">
    <metrics statements="27" coveredstatements="25" conditionals="13" coveredconditionals="13" methods="2" coveredmethods="2" elements="42" coveredelements="40" complexity="0" loc="27" ncloc="27" packages="1" files="1" classes="1"/>
    <file name="main.ts" path="/Users/william.budia/Desktop/clean/Clean-Architecture/src/main.ts">
      <metrics statements="27" coveredstatements="25" conditionals="13" coveredconditionals="13" methods="2" coveredmethods="2"/>
      <line num="3" count="1" type="stmt"/>
      <line num="4" count="17" type="cond" truecount="2" falsecount="0"/>
      <line num="5" count="16" type="cond" truecount="1" falsecount="0"/>
      <line num="6" count="15" type="cond" truecount="4" falsecount="0"/>
      <line num="7" count="14" type="stmt"/>
      <line num="13" count="118" type="cond" truecount="2" falsecount="0"/>
      <line num="14" count="4" type="stmt"/>
      <line num="19" count="4" type="stmt"/>
      <line num="20" count="4" type="stmt"/>
      <line num="22" count="4" type="stmt"/>
      <line num="27" count="36" type="stmt"/>
      <line num="28" count="36" type="stmt"/>
      <line num="30" count="36" type="stmt"/>
      <line num="34" count="4" type="stmt"/>
      <line num="36" count="4" type="cond" truecount="2" falsecount="0"/>
      <line num="37" count="4" type="stmt"/>
      <line num="38" count="4" type="stmt"/>
      <line num="39" count="4" type="cond" truecount="2" falsecount="0"/>
      <line num="40" count="2" type="stmt"/>
      <line num="42" count="4" type="stmt"/>
      <line num="43" count="4" type="stmt"/>
      <line num="44" count="4" type="stmt"/>
      <line num="46" count="0" type="stmt"/>
      <line num="48" count="0" type="stmt"/>
      <line num="50" count="10" type="stmt"/>
      <line num="51" count="1" type="stmt"/>
      <line num="53" count="1" type="stmt"/>
    </file>
  </project>
</coverage>
