{"/Users/william.budia/Desktop/clean/Clean-Architecture/src/main.ts": {"path":"/Users/william.budia/Desktop/clean/Clean-Architecture/src/main.ts","statementMap":{"0":{"start":{"line":4,"column":2},"end":{"line":53,"column":22}},"1":{"start":{"line":5,"column":4},"end":{"line":52,"column":null}},"2":{"start":{"line":6,"column":6},"end":{"line":51,"column":26}},"3":{"start":{"line":7,"column":8},"end":{"line":11,"column":28}},"4":{"start":{"line":13,"column":8},"end":{"line":50,"column":28}},"5":{"start":{"line":13,"column":40},"end":{"line":13,"column":52}},"6":{"start":{"line":14,"column":10},"end":{"line":49,"column":null}},"7":{"start":{"line":19,"column":12},"end":{"line":19,"column":24}},"8":{"start":{"line":20,"column":12},"end":{"line":20,"column":33}},"9":{"start":{"line":22,"column":12},"end":{"line":32,"column":null}},"10":{"start":{"line":22,"column":30},"end":{"line":22,"column":31}},"11":{"start":{"line":27,"column":14},"end":{"line":27,"column":67}},"12":{"start":{"line":28,"column":14},"end":{"line":28,"column":47}},"13":{"start":{"line":30,"column":14},"end":{"line":30,"column":47}},"14":{"start":{"line":34,"column":12},"end":{"line":34,"column":27}},"15":{"start":{"line":36,"column":12},"end":{"line":36,"column":51}},"16":{"start":{"line":37,"column":12},"end":{"line":37,"column":26}},"17":{"start":{"line":38,"column":12},"end":{"line":38,"column":27}},"18":{"start":{"line":39,"column":12},"end":{"line":40,"column":33}},"19":{"start":{"line":39,"column":26},"end":{"line":39,"column":34}},"20":{"start":{"line":40,"column":17},"end":{"line":40,"column":33}},"21":{"start":{"line":42,"column":30},"end":{"line":42,"column":71}},"22":{"start":{"line":43,"column":12},"end":{"line":43,"column":45}},"23":{"start":{"line":44,"column":12},"end":{"line":44,"column":45}},"24":{"start":{"line":46,"column":12},"end":{"line":46,"column":40}},"25":{"start":{"line":48,"column":12},"end":{"line":48,"column":25}},"26":{"start":{"line":50,"column":15},"end":{"line":50,"column":28}},"27":{"start":{"line":51,"column":13},"end":{"line":51,"column":26}},"28":{"start":{"line":53,"column":9},"end":{"line":53,"column":22}},"29":{"start":{"line":3,"column":0},"end":{"line":3,"column":16}}},"fnMap":{"0":{"name":"validate","decl":{"start":{"line":3,"column":16},"end":{"line":3,"column":24}},"loc":{"start":{"line":3,"column":28},"end":{"line":54,"column":1}}},"1":{"name":"(anonymous_1)","decl":{"start":{"line":13,"column":33},"end":{"line":13,"column":34}},"loc":{"start":{"line":13,"column":40},"end":{"line":13,"column":52}}}},"branchMap":{"0":{"loc":{"start":{"line":4,"column":2},"end":{"line":53,"column":22}},"type":"if","locations":[{"start":{"line":4,"column":2},"end":{"line":53,"column":22}},{"start":{"line":53,"column":9},"end":{"line":53,"column":22}}]},"1":{"loc":{"start":{"line":5,"column":4},"end":{"line":52,"column":null}},"type":"if","locations":[{"start":{"line":5,"column":4},"end":{"line":52,"column":null}}]},"2":{"loc":{"start":{"line":6,"column":6},"end":{"line":51,"column":26}},"type":"if","locations":[{"start":{"line":6,"column":6},"end":{"line":51,"column":26}},{"start":{"line":51,"column":13},"end":{"line":51,"column":26}}]},"3":{"loc":{"start":{"line":6,"column":10},"end":{"line":6,"column":46}},"type":"binary-expr","locations":[{"start":{"line":6,"column":10},"end":{"line":6,"column":26}},{"start":{"line":6,"column":30},"end":{"line":6,"column":46}}]},"4":{"loc":{"start":{"line":13,"column":8},"end":{"line":50,"column":28}},"type":"if","locations":[{"start":{"line":13,"column":8},"end":{"line":50,"column":28}},{"start":{"line":50,"column":15},"end":{"line":50,"column":28}}]},"5":{"loc":{"start":{"line":36,"column":18},"end":{"line":36,"column":50}},"type":"cond-expr","locations":[{"start":{"line":36,"column":30},"end":{"line":36,"column":37}},{"start":{"line":36,"column":41},"end":{"line":36,"column":50}}]},"6":{"loc":{"start":{"line":39,"column":12},"end":{"line":40,"column":33}},"type":"if","locations":[{"start":{"line":39,"column":12},"end":{"line":40,"column":33}},{"start":{"line":40,"column":17},"end":{"line":40,"column":33}}]}},"s":{"0":17,"1":16,"2":15,"3":14,"4":14,"5":118,"6":4,"7":4,"8":4,"9":4,"10":4,"11":36,"12":36,"13":36,"14":4,"15":4,"16":4,"17":4,"18":4,"19":2,"20":2,"21":4,"22":4,"23":4,"24":0,"25":0,"26":10,"27":1,"28":1,"29":1},"f":{"0":17,"1":118},"b":{"0":[16,1],"1":[15],"2":[14,1],"3":[15,14],"4":[4,10],"5":[2,2],"6":[2,2]}}
}
