TN:
SF:src/main.ts
FN:3,validate
FN:13,(anonymous_1)
FNF:2
FNH:2
FNDA:17,validate
FNDA:118,(anonymous_1)
DA:3,1
DA:4,17
DA:5,16
DA:6,15
DA:7,14
DA:13,118
DA:14,4
DA:19,4
DA:20,4
DA:22,4
DA:27,36
DA:28,36
DA:30,36
DA:34,4
DA:36,4
DA:37,4
DA:38,4
DA:39,4
DA:40,2
DA:42,4
DA:43,4
DA:44,4
DA:46,0
DA:48,0
DA:50,10
DA:51,1
DA:53,1
LF:27
LH:25
BRDA:4,0,0,16
BRDA:4,0,1,1
BRDA:5,1,0,15
BRDA:6,2,0,14
BRDA:6,2,1,1
BRDA:6,3,0,15
BRDA:6,3,1,14
BRDA:13,4,0,4
BRDA:13,4,1,10
BRDA:36,5,0,2
BRDA:36,5,1,2
BRDA:39,6,0,2
BRDA:39,6,1,2
BRF:13
BRH:13
end_of_record
